#
# There is insufficient memory for the Java Runtime Environment to continue.
# Native memory allocation (mmap) failed to map 132120576 bytes for G1 virtual space
# Possible reasons:
#   The system is out of physical RAM or swap space
#   The process is running with CompressedOops enabled, and the Java Heap may be blocking the growth of the native heap
# Possible solutions:
#   Reduce memory load on the system
#   Increase physical memory or swap space
#   Check if swap backing store is full
#   Decrease Java heap size (-Xmx/-Xms)
#   Decrease number of Java threads
#   Decrease Java thread stack sizes (-Xss)
#   Set larger code cache with -XX:ReservedCodeCacheSize=
#   JVM is running with Unscaled Compressed Oops mode in which the Java heap is
#     placed in the first 4GB address space. The Java Heap base address is the
#     maximum limit for the native heap growth. Please use -XX:HeapBaseMinAddress
#     to set the Java Heap base and to place the Java Heap above 4GB virtual address.
# This output file may be truncated or incomplete.
#
#  Out of Memory Error (os_windows.cpp:3528), pid=17388, tid=17312
#
# JRE version:  (20.0.2+9) (build )
# Java VM: Java HotSpot(TM) 64-Bit Server VM (20.0.2+9-78, mixed mode, sharing, tiered, compressed oops, compressed class ptrs, g1 gc, windows-amd64)
# No core dump will be written. Minidumps are not enabled by default on client versions of Windows
#

---------------  S U M M A R Y ------------

Command Line: -Dfile.encoding=UTF-8 -XX:+ShowCodeDetailsInExceptionMessages com.JavaATM.main.Main

Host: Intel(R) Core(TM) i7-7500U CPU @ 2.70GHz, 4 cores, 7G,  Windows 10 , 64 bit Build 19041 (10.0.19041.3636)
Time: Tue Mar 12 02:33:17 2024 Taipei Standard Time elapsed time: 0.076944 seconds (0d 0h 0m 0s)

---------------  T H R E A D  ---------------

Current thread (0x0000010cf9993cf0):  JavaThread "Unknown thread" [_thread_in_vm, id=17312, stack(0x0000000100600000,0x0000000100700000)]

Stack: [0x0000000100600000,0x0000000100700000]
Native frames: (J=compiled Java code, j=interpreted, Vv=VM code, C=native code)
V  [jvm.dll+0x6bc25a]
V  [jvm.dll+0x84971a]
V  [jvm.dll+0x84b315]
V  [jvm.dll+0x84ba13]
V  [jvm.dll+0x280e4f]
V  [jvm.dll+0x6b8fe9]
V  [jvm.dll+0x6adbca]
V  [jvm.dll+0x35b165]
V  [jvm.dll+0x363386]
V  [jvm.dll+0x3b400e]
V  [jvm.dll+0x3b4295]
V  [jvm.dll+0x32b86a]
V  [jvm.dll+0x32c68b]
V  [jvm.dll+0x8123df]
V  [jvm.dll+0x3c1261]
V  [jvm.dll+0x7fe103]
V  [jvm.dll+0x44ccaf]
V  [jvm.dll+0x44e621]
C  [jli.dll+0x5287]
C  [ucrtbase.dll+0x21bb2]
C  [KERNEL32.DLL+0x17344]
C  [ntdll.dll+0x526b1]


---------------  P R O C E S S  ---------------

Threads class SMR info:
_java_thread_list=0x00007ff8ebc0b118, length=0, elements={
}

Java Threads: ( => current thread )

Other Threads:
  0x0000010cf99f0310 WorkerThread "GC Thread#0" [stack: 0x0000000100700000,0x0000000100800000] [id=16008]
  0x0000010cf9a01760 ConcurrentGCThread "G1 Main Marker" [stack: 0x0000000100800000,0x0000000100900000] [id=8268]
  0x0000010cf9a02190 WorkerThread "G1 Conc#0" [stack: 0x0000000100900000,0x0000000100a00000] [id=12720]

[error occurred during error reporting (printing all threads), id 0xc0000005, EXCEPTION_ACCESS_VIOLATION (0xc0000005) at pc=0x00007ff8eb3eeea7]
VM state: not at safepoint (not fully initialized)

VM Mutex/Monitor currently owned by a thread:  ([mutex/lock_event])
[0x0000010cf998eca0] Heap_lock - owner thread: 0x0000010cf9993cf0

Heap address: 0x0000000082000000, size: 2016 MB, Compressed Oops mode: 32-bit

CDS archive(s) mapped at: [0x0000000000000000-0x0000000000000000-0x0000000000000000), size 0, SharedBaseAddress: 0x0000000800000000, ArchiveRelocationMode: 1.
Narrow klass base: 0x0000000000000000, Narrow klass shift: 0, Narrow klass range: 0x0

GC Precious Log:
 CardTable entry size: 512
 Card Set container configuration: InlinePtr #cards 5 size 8 Array Of Cards #cards 12 size 40 Howl #buckets 4 coarsen threshold 1843 Howl Bitmap #cards 512 size 80 coarsen threshold 460 Card regions per heap region 1 cards per card region 2048

Heap:
 garbage-first heap   total 0K, used 0K [0x0000000082000000, 0x0000000100000000)
  region size 1024K, 0 young (0K), 0 survivors (0K)

[error occurred during error reporting (printing heap information), id 0xc0000005, EXCEPTION_ACCESS_VIOLATION (0xc0000005) at pc=0x00007ff8eb7c47b9]
GC Heap History (0 events):
No events

Dll operation events (1 events):
Event: 0.008 Loaded shared library C:\Program Files\Java\jdk-20\bin\java.dll

Deoptimization events (0 events):
No events

Classes loaded (0 events):
No events

Classes unloaded (0 events):
No events

Classes redefined (0 events):
No events

Internal exceptions (0 events):
No events

VM Operations (0 events):
No events

Events (0 events):
No events


Dynamic libraries:
0x00007ff789dd0000 - 0x00007ff789de0000 	C:\Program Files\Java\jdk-20\bin\javaw.exe
0x00007ff94f5f0000 - 0x00007ff94f7e8000 	C:\WINDOWS\SYSTEM32\ntdll.dll
0x00007ff94e850000 - 0x00007ff94e90d000 	C:\WINDOWS\System32\KERNEL32.DLL
0x00007ff94d1c0000 - 0x00007ff94d4b6000 	C:\WINDOWS\System32\KERNELBASE.dll
0x00007ff94ccb0000 - 0x00007ff94cdb0000 	C:\WINDOWS\System32\ucrtbase.dll
0x00007ff939740000 - 0x00007ff93975b000 	C:\Program Files\Java\jdk-20\bin\VCRUNTIME140.dll
0x00007ff934380000 - 0x00007ff934399000 	C:\Program Files\Java\jdk-20\bin\jli.dll
0x00007ff94e650000 - 0x00007ff94e703000 	C:\WINDOWS\System32\ADVAPI32.dll
0x00007ff94f2d0000 - 0x00007ff94f36e000 	C:\WINDOWS\System32\msvcrt.dll
0x00007ff94d760000 - 0x00007ff94d7ff000 	C:\WINDOWS\System32\sechost.dll
0x00007ff94e720000 - 0x00007ff94e846000 	C:\WINDOWS\System32\RPCRT4.dll
0x00007ff94d600000 - 0x00007ff94d627000 	C:\WINDOWS\System32\bcrypt.dll
0x00007ff94f130000 - 0x00007ff94f2ce000 	C:\WINDOWS\System32\USER32.dll
0x00007ff94cec0000 - 0x00007ff94cee2000 	C:\WINDOWS\System32\win32u.dll
0x00007ff94f370000 - 0x00007ff94f39b000 	C:\WINDOWS\System32\GDI32.dll
0x00007ff94cef0000 - 0x00007ff94d007000 	C:\WINDOWS\System32\gdi32full.dll
0x00007ff94cdb0000 - 0x00007ff94ce4d000 	C:\WINDOWS\System32\msvcp_win.dll
0x00007ff933040000 - 0x00007ff9332da000 	C:\WINDOWS\WinSxS\amd64_microsoft.windows.common-controls_6595b64144ccf1df_6.0.19041.3636_none_60b6a03d71f818d5\COMCTL32.dll
0x00007ff9438c0000 - 0x00007ff9438ca000 	C:\WINDOWS\SYSTEM32\VERSION.dll
0x00007ff94f3a0000 - 0x00007ff94f3d2000 	C:\WINDOWS\System32\IMM32.DLL
0x00007ff939ac0000 - 0x00007ff939acc000 	C:\Program Files\Java\jdk-20\bin\vcruntime140_1.dll
0x00007ff926f50000 - 0x00007ff926fde000 	C:\Program Files\Java\jdk-20\bin\msvcp140.dll
0x00007ff8eb0b0000 - 0x00007ff8ebd48000 	C:\Program Files\Java\jdk-20\bin\server\jvm.dll
0x00007ff931350000 - 0x00007ff931377000 	C:\WINDOWS\SYSTEM32\WINMM.dll
0x00007ff9399d0000 - 0x00007ff9399d9000 	C:\WINDOWS\SYSTEM32\WSOCK32.dll
0x00007ff94f540000 - 0x00007ff94f5ab000 	C:\WINDOWS\System32\WS2_32.dll
0x00007ff94ab60000 - 0x00007ff94ab72000 	C:\WINDOWS\SYSTEM32\kernel.appcore.dll
0x00007ff939870000 - 0x00007ff93987a000 	C:\Program Files\Java\jdk-20\bin\jimage.dll
0x00007ff9332e0000 - 0x00007ff9334c4000 	C:\WINDOWS\SYSTEM32\DBGHELP.DLL
0x00007ff933740000 - 0x00007ff933774000 	C:\WINDOWS\SYSTEM32\dbgcore.DLL
0x00007ff94d570000 - 0x00007ff94d5f2000 	C:\WINDOWS\System32\bcryptPrimitives.dll
0x00007ff931010000 - 0x00007ff931036000 	C:\Program Files\Java\jdk-20\bin\java.dll

dbghelp: loaded successfully - version: 4.0.5 - missing functions: none
symbol engine: initialized successfully - sym options: 0x614 - pdb path: .;C:\Program Files\Java\jdk-20\bin;C:\WINDOWS\SYSTEM32;C:\WINDOWS\WinSxS\amd64_microsoft.windows.common-controls_6595b64144ccf1df_6.0.19041.3636_none_60b6a03d71f818d5;C:\Program Files\Java\jdk-20\bin\server

VM Arguments:
jvm_args: -Dfile.encoding=UTF-8 -XX:+ShowCodeDetailsInExceptionMessages 
java_command: com.JavaATM.main.Main
java_class_path (initial): C:\Users\janha\eclipse-workspace\ConsoleBasedBankingSysteminJava\bin;C:\Users\janha\OneDrive\Desktop\SpringFramework5.3.32\spring-aop-5.3.9.jar;C:\Users\janha\OneDrive\Desktop\SpringFramework5.3.32\spring-beans-5.3.9.jar;C:\Users\janha\OneDrive\Desktop\SpringFramework5.3.32\spring-context-5.3.9.jar;C:\Users\janha\OneDrive\Desktop\SpringFramework5.3.32\spring-core-5.3.9.jar;C:\Users\janha\OneDrive\Desktop\SpringFramework5.3.32\spring-expression-5.3.9.jar;C:\Users\janha\OneDrive\Desktop\SpringFramework5.3.32\spring-jcl-5.3.9.jar
Launcher Type: SUN_STANDARD

[Global flags]
     intx CICompilerCount                          = 3                                         {product} {ergonomic}
     uint ConcGCThreads                            = 1                                         {product} {ergonomic}
     uint G1ConcRefinementThreads                  = 4                                         {product} {ergonomic}
   size_t G1HeapRegionSize                         = 1048576                                   {product} {ergonomic}
    uintx GCDrainStackTargetSize                   = 64                                        {product} {ergonomic}
   size_t InitialHeapSize                          = 132120576                                 {product} {ergonomic}
   size_t MarkStackSize                            = 4194304                                   {product} {ergonomic}
   size_t MaxHeapSize                              = 2113929216                                {product} {ergonomic}
   size_t MinHeapDeltaBytes                        = 1048576                                   {product} {ergonomic}
   size_t MinHeapSize                              = 8388608                                   {product} {ergonomic}
    uintx NonNMethodCodeHeapSize                   = 5832780                                {pd product} {ergonomic}
    uintx NonProfiledCodeHeapSize                  = 122912730                              {pd product} {ergonomic}
    uintx ProfiledCodeHeapSize                     = 122912730                              {pd product} {ergonomic}
    uintx ReservedCodeCacheSize                    = 251658240                              {pd product} {ergonomic}
     bool SegmentedCodeCache                       = true                                      {product} {ergonomic}
     bool ShowCodeDetailsInExceptionMessages       = true                                   {manageable} {command line}
   size_t SoftMaxHeapSize                          = 2113929216                             {manageable} {ergonomic}
     bool UseCompressedClassPointers               = true                           {product lp64_product} {ergonomic}
     bool UseCompressedOops                        = true                           {product lp64_product} {ergonomic}
     bool UseG1GC                                  = true                                      {product} {ergonomic}
     bool UseLargePagesIndividualAllocation        = false                                  {pd product} {ergonomic}

Logging:
Log output configuration:
 #0: stdout all=warning uptime,level,tags foldmultilines=false
 #1: stderr all=off uptime,level,tags foldmultilines=false

Environment Variables:
JAVA_HOME=C:\Program Files\Java\jdk-20
PATH=C:\Program Files\Common Files\Oracle\Java\javapath;C:\Program Files (x86)\Common Files\Oracle\Java\javapath;C:\WINDOWS\system32;C:\WINDOWS;C:\WINDOWS\System32\Wbem;C:\WINDOWS\System32\WindowsPowerShell\v1.0\;C:\WINDOWS\System32\OpenSSH\;C:\Program Files (x86)\NVIDIA Corporation\PhysX\Common;C:\Program Files\Java\jdk-20\bin;C:\Program Files\Git\cmd;C:\Program Files\MySQL\MySQL Shell 8.0\bin\;C:\Users\janha\AppData\Local\Microsoft\WindowsApps;;C:\Program Files\sfdx\bin;C:\Program Files\JetBrains\IntelliJ IDEA Community Edition 2023.2\bin;;C:\Program Files\JetBrains\IntelliJ IDEA 2023.1.3\bin;
USERNAME=janha
OS=Windows_NT
PROCESSOR_IDENTIFIER=Intel64 Family 6 Model 142 Stepping 9, GenuineIntel
TMP=C:\Users\janha\AppData\Local\Temp
TEMP=C:\Users\janha\AppData\Local\Temp




---------------  S Y S T E M  ---------------

OS:
 Windows 10 , 64 bit Build 19041 (10.0.19041.3636)
OS uptime: 3 days 19:57 hours

CPU: total 4 (initial active 4) (2 cores per cpu, 2 threads per core) family 6 model 142 stepping 9 microcode 0xb4, cx8, cmov, fxsr, ht, mmx, 3dnowpref, sse, sse2, sse3, ssse3, sse4.1, sse4.2, popcnt, lzcnt, tsc, tscinvbit, avx, avx2, aes, erms, clmul, bmi1, bmi2, adx, fma, vzeroupper, clflush, clflushopt, rdtscp, f16c

Memory: 4k page, system-wide physical 8060M (1837M free)
TotalPageFile size 16060M (AvailPageFile size 21M)
current process WorkingSet (physical memory assigned to process): 10M, peak: 10M
current process commit charge ("private bytes"): 52M, peak: 177M

vm_info: Java HotSpot(TM) 64-Bit Server VM (20.0.2+9-78) for windows-amd64 JRE (20.0.2+9-78), built on 2023-06-14T10:08:48Z by "mach5one" with MS VC++ 17.1 (VS2022)

END.
